<?xml version="1.0" encoding="UTF-8"?>
<testng-results ignored="2" total="5" passed="2" failed="1" skipped="0">
  <reporter-output>
  </reporter-output>
  <suite started-at="2023-04-09T18:24:43 IST" name="Suite" finished-at="2023-04-09T18:26:15 IST" duration-ms="92007">
    <groups>
    </groups>
    <test started-at="2023-04-09T18:24:43 IST" name="Test" finished-at="2023-04-09T18:26:15 IST" duration-ms="92007">
      <class name="com.Test.Test2">
        <test-method is-config="true" signature="setup()[pri:0, instance:com.Test.Test2@38089a5a]" started-at="2023-04-09T18:25:25 IST" name="setup" finished-at="2023-04-09T18:25:57 IST" duration-ms="32620" status="PASS">
          <reporter-output>
          </reporter-output>
        </test-method> <!-- setup -->
        <test-method signature="verify_tc_002_loginFunctinality()[pri:0, instance:com.Test.Test2@38089a5a]" started-at="2023-04-09T18:25:57 IST" name="verify_tc_002_loginFunctinality" finished-at="2023-04-09T18:25:57 IST" duration-ms="11" status="PASS">
          <reporter-output>
          </reporter-output>
        </test-method> <!-- verify_tc_002_loginFunctinality -->
        <test-method is-config="true" signature="tearDown()[pri:0, instance:com.Test.Test2@38089a5a]" started-at="2023-04-09T18:25:57 IST" name="tearDown" finished-at="2023-04-09T18:25:57 IST" duration-ms="1" status="PASS">
          <reporter-output>
          </reporter-output>
        </test-method> <!-- tearDown -->
      </class> <!-- com.Test.Test2 -->
      <class name="com.Test.Test1">
        <test-method is-config="true" signature="ConfigurationSetup()[pri:0, instance:com.Test.Test1@5d066c7d]" started-at="2023-04-09T18:24:42 IST" name="ConfigurationSetup" finished-at="2023-04-09T18:24:43 IST" duration-ms="1163" status="PASS">
          <reporter-output>
          </reporter-output>
        </test-method> <!-- ConfigurationSetup -->
        <test-method signature="verify_tc_001_loginFunctinality()[pri:0, instance:com.Test.Test1@5d066c7d]" started-at="2023-04-09T18:24:43 IST" name="verify_tc_001_loginFunctinality" finished-at="2023-04-09T18:25:24 IST" duration-ms="40917" status="FAIL">
          <exception class="org.openqa.selenium.UnhandledAlertException">
            <message>
              <![CDATA[unexpected alert open: {Alert text : Do you really want to delete this Customer?}
  (Session info: chrome=111.0.5563.147): Do you really want to delete this Customer?
Build info: version: '4.8.3', revision: 'e5e76298c3'
System info: os.name: 'Windows 10', os.arch: 'amd64', os.version: '10.0', java.version: '11'
Driver info: org.openqa.selenium.chrome.ChromeDriver
Command: [4effed22c713d01bfa35b56e0dce156c, screenshot {}]
Capabilities {acceptInsecureCerts: false, browserName: chrome, browserVersion: 111.0.5563.147, chrome: {chromedriverVersion: 111.0.5563.64 (c710e93d5b63..., userDataDir: C:\Users\Dell\AppData\Local...}, goog:chromeOptions: {debuggerAddress: localhost:57265}, networkConnectionEnabled: false, pageLoadStrategy: normal, platformName: WINDOWS, proxy: Proxy(), se:cdp: ws://localhost:57265/devtoo..., se:cdpVersion: 111.0.5563.147, setWindowRect: true, strictFileInteractability: false, timeouts: {implicit: 0, pageLoad: 300000, script: 30000}, unhandledPromptBehavior: dismiss and notify, webauthn:extension:credBlob: true, webauthn:extension:largeBlob: true, webauthn:extension:minPinLength: true, webauthn:extension:prf: true, webauthn:virtualAuthenticators: true}
Session ID: 4effed22c713d01bfa35b56e0dce156c]]>
            </message>
            <full-stacktrace>
              <![CDATA[org.openqa.selenium.UnhandledAlertException: unexpected alert open: {Alert text : Do you really want to delete this Customer?}
  (Session info: chrome=111.0.5563.147): Do you really want to delete this Customer?
Build info: version: '4.8.3', revision: 'e5e76298c3'
System info: os.name: 'Windows 10', os.arch: 'amd64', os.version: '10.0', java.version: '11'
Driver info: org.openqa.selenium.chrome.ChromeDriver
Command: [4effed22c713d01bfa35b56e0dce156c, screenshot {}]
Capabilities {acceptInsecureCerts: false, browserName: chrome, browserVersion: 111.0.5563.147, chrome: {chromedriverVersion: 111.0.5563.64 (c710e93d5b63..., userDataDir: C:\Users\Dell\AppData\Local...}, goog:chromeOptions: {debuggerAddress: localhost:57265}, networkConnectionEnabled: false, pageLoadStrategy: normal, platformName: WINDOWS, proxy: Proxy(), se:cdp: ws://localhost:57265/devtoo..., se:cdpVersion: 111.0.5563.147, setWindowRect: true, strictFileInteractability: false, timeouts: {implicit: 0, pageLoad: 300000, script: 30000}, unhandledPromptBehavior: dismiss and notify, webauthn:extension:credBlob: true, webauthn:extension:largeBlob: true, webauthn:extension:minPinLength: true, webauthn:extension:prf: true, webauthn:virtualAuthenticators: true}
Session ID: 4effed22c713d01bfa35b56e0dce156c
at org.openqa.selenium.remote.codec.w3c.W3CHttpResponseCodec.decode(W3CHttpResponseCodec.java:131)
at org.openqa.selenium.remote.codec.w3c.W3CHttpResponseCodec.decode(W3CHttpResponseCodec.java:53)
at org.openqa.selenium.remote.HttpCommandExecutor.execute(HttpCommandExecutor.java:193)
at org.openqa.selenium.remote.service.DriverCommandExecutor.invokeExecute(DriverCommandExecutor.java:183)
at org.openqa.selenium.remote.service.DriverCommandExecutor.execute(DriverCommandExecutor.java:158)
at org.openqa.selenium.remote.RemoteWebDriver.execute(RemoteWebDriver.java:543)
at org.openqa.selenium.remote.RemoteWebDriver.execute(RemoteWebDriver.java:598)
at org.openqa.selenium.remote.RemoteWebDriver.execute(RemoteWebDriver.java:602)
at org.openqa.selenium.remote.RemoteWebDriver.getScreenshotAs(RemoteWebDriver.java:318)
at com.Utility.Reports.getScreenshot(Reports.java:46)
at com.Utility.Reports.onTestSuccess(Reports.java:26)
at org.testng.internal.TestListenerHelper.runTestListeners(TestListenerHelper.java:100)
at org.testng.internal.TestInvoker.runTestResultListener(TestInvoker.java:219)
at org.testng.internal.TestInvoker.invokeMethod(TestInvoker.java:656)
at org.testng.internal.TestInvoker.invokeTestMethod(TestInvoker.java:173)
at org.testng.internal.MethodRunner.runInSequence(MethodRunner.java:46)
at org.testng.internal.TestInvoker$MethodInvocationAgent.invoke(TestInvoker.java:824)
at org.testng.internal.TestInvoker.invokeTestMethods(TestInvoker.java:146)
at org.testng.internal.TestMethodWorker.invokeTestMethods(TestMethodWorker.java:146)
at org.testng.internal.TestMethodWorker.run(TestMethodWorker.java:128)
at java.base/java.util.ArrayList.forEach(ArrayList.java:1540)
at org.testng.TestRunner.privateRun(TestRunner.java:794)
at org.testng.TestRunner.run(TestRunner.java:596)
at org.testng.SuiteRunner.runTest(SuiteRunner.java:377)
at org.testng.SuiteRunner.runSequentially(SuiteRunner.java:371)
at org.testng.SuiteRunner.privateRun(SuiteRunner.java:332)
at org.testng.SuiteRunner.run(SuiteRunner.java:276)
at org.testng.SuiteRunnerWorker.runSuite(SuiteRunnerWorker.java:53)
at org.testng.SuiteRunnerWorker.run(SuiteRunnerWorker.java:96)
at org.testng.TestNG.runSuitesSequentially(TestNG.java:1212)
at org.testng.TestNG.runSuitesLocally(TestNG.java:1134)
at org.testng.TestNG.runSuites(TestNG.java:1063)
at org.testng.TestNG.run(TestNG.java:1031)
at org.testng.remote.AbstractRemoteTestNG.run(AbstractRemoteTestNG.java:115)
at org.testng.remote.RemoteTestNG.initAndRun(RemoteTestNG.java:251)
at org.testng.remote.RemoteTestNG.main(RemoteTestNG.java:77)
]]>
            </full-stacktrace>
          </exception> <!-- org.openqa.selenium.UnhandledAlertException -->
          <reporter-output>
          </reporter-output>
        </test-method> <!-- verify_tc_001_loginFunctinality -->
        <test-method is-config="true" signature="setup()[pri:0, instance:com.Test.Test1@5d066c7d]" started-at="2023-04-09T18:24:43 IST" name="setup" finished-at="2023-04-09T18:25:24 IST" duration-ms="40591" status="PASS">
          <reporter-output>
          </reporter-output>
        </test-method> <!-- setup -->
      </class> <!-- com.Test.Test1 -->
      <class name="com.Test.Test3">
        <test-method is-config="true" signature="setup()[pri:0, instance:com.Test.Test3@30e868be]" started-at="2023-04-09T18:25:57 IST" name="setup" finished-at="2023-04-09T18:26:15 IST" duration-ms="17880" status="PASS">
          <reporter-output>
          </reporter-output>
        </test-method> <!-- setup -->
        <test-method signature="test_tc_003()[pri:0, instance:com.Test.Test3@30e868be]" started-at="2023-04-09T18:26:15 IST" name="test_tc_003" finished-at="2023-04-09T18:26:15 IST" duration-ms="1" status="PASS">
          <reporter-output>
          </reporter-output>
        </test-method> <!-- test_tc_003 -->
        <test-method is-config="true" signature="tearDown()[pri:0, instance:com.Test.Test3@30e868be]" started-at="2023-04-09T18:26:15 IST" name="tearDown" finished-at="2023-04-09T18:26:15 IST" duration-ms="0" status="PASS">
          <reporter-output>
          </reporter-output>
        </test-method> <!-- tearDown -->
      </class> <!-- com.Test.Test3 -->
    </test> <!-- Test -->
  </suite> <!-- Suite -->
</testng-results>
